<?xml version="1.0" encoding="UTF-8"?>
<testsuite xmlns:xsi="http://www.w3.org/2001/XMLSchema-instance" xsi:noNamespaceSchemaLocation="https://maven.apache.org/surefire/maven-surefire-plugin/xsd/surefire-test-report.xsd" name="com.appium.qa.android.AppTest" time="119.28" tests="1" errors="1" skipped="0" failures="0">
  <properties>
[...]
</properties>
  <testcase name="shouldAnswerWithTrue" classname="com.appium.qa.android.AppTest" time="119.201">
    <error message="An unknown server-side error occurred while processing the command. Original error: Could not proxy. Proxy error: Could not proxy command to remote server. Original error: 404 - undefined&#10;Build info: version: &apos;3.141.59&apos;, revision: &apos;e82be7d358&apos;, time: &apos;2018-11-14T08:17:03&apos;&#10;System info: host: &apos;DESKTOP-0FBTIL1&apos;, ip: &apos;192.168.175.2&apos;, os.name: &apos;Windows 10&apos;, os.arch: &apos;amd64&apos;, os.version: &apos;10.0&apos;, java.version: &apos;11.0.8&apos;&#10;Driver info: io.appium.java_client.android.AndroidDriver&#10;Capabilities {appActivity: com.android.calculator2.Cal..., appPackage: com.android.calculator2, automationName: Appium, databaseEnabled: false, desired: {appActivity: com.android.calculator2.Cal..., appPackage: com.android.calculator2, automationName: Appium, deviceName: Android, platformName: android, platformVersion: 8.0.0}, deviceApiLevel: 26, deviceManufacturer: Google, deviceModel: Android SDK built for x86, deviceName: emulator-5554, deviceScreenDensity: 420, deviceScreenSize: 1080x1920, deviceUDID: emulator-5554, javascriptEnabled: true, locationContextEnabled: false, networkConnectionEnabled: true, pixelRatio: 2.625, platform: LINUX, platformName: Android, platformVersion: 8.0.0, statBarHeight: 63, takesScreenshot: true, viewportRect: {height: 1731, left: 0, top: 63, width: 1080}, warnings: {}, webStorageEnabled: false}&#10;Session ID: 571d8222-5604-48a0-abd2-a22444b89737" type="org.openqa.selenium.WebDriverException">org.openqa.selenium.WebDriverException: 
An unknown server-side error occurred while processing the command. Original error: Could not proxy. Proxy error: Could not proxy command to remote server. Original error: 404 - undefined
Build info: version: '3.141.59', revision: 'e82be7d358', time: '2018-11-14T08:17:03'
System info: host: 'DESKTOP-0FBTIL1', ip: '192.168.175.2', os.name: 'Windows 10', os.arch: 'amd64', os.version: '10.0', java.version: '11.0.8'
Driver info: io.appium.java_client.android.AndroidDriver
Capabilities {appActivity: com.android.calculator2.Cal..., appPackage: com.android.calculator2, automationName: Appium, databaseEnabled: false, desired: {appActivity: com.android.calculator2.Cal..., appPackage: com.android.calculator2, automationName: Appium, deviceName: Android, platformName: android, platformVersion: 8.0.0}, deviceApiLevel: 26, deviceManufacturer: Google, deviceModel: Android SDK built for x86, deviceName: emulator-5554, deviceScreenDensity: 420, deviceScreenSize: 1080x1920, deviceUDID: emulator-5554, javascriptEnabled: true, locationContextEnabled: false, networkConnectionEnabled: true, pixelRatio: 2.625, platform: LINUX, platformName: Android, platformVersion: 8.0.0, statBarHeight: 63, takesScreenshot: true, viewportRect: {height: 1731, left: 0, top: 63, width: 1080}, warnings: {}, webStorageEnabled: false}
Session ID: 571d8222-5604-48a0-abd2-a22444b89737
	at com.appium.qa.android.AppTest.shouldAnswerWithTrue(AppTest.java:66)
</error>
    <system-out><![CDATA[10
]]></system-out>
    <system-err><![CDATA[ago 30, 2020 12:42:53 AM io.appium.java_client.remote.AppiumCommandExecutor$1 lambda$0
INFORMAÇÕES: Detected dialect: W3C
]]></system-err>
  </testcase>
</testsuite>